<?xml version="1.0" encoding="UTF-8" ?>
<testsuite failures="0" time="0.06" errors="0" skipped="0" tests="6" name="com.baidu.ssp.FrameTest">
  <properties>
[...]
</properties>
  <testcase time="0.028" classname="com.baidu.ssp.FrameTest" name="testUnion"/>
  <testcase time="0.015" classname="com.baidu.ssp.FrameTest" name="testJoin"/>
  <testcase time="0.008" classname="com.baidu.ssp.FrameTest" name="testSort"/>
  <testcase time="0.002" classname="com.baidu.ssp.FrameTest" name="testCompute"/>
  <testcase time="0.005" classname="com.baidu.ssp.FrameTest" name="testAggregate"/>
  <testcase time="0.002" classname="com.baidu.ssp.FrameTest" name="testFilter"/>
</testsuite>